<?xml version="1.0" encoding="UTF-8"?>
<testsuite name="oneTestone.ProcessTestCase" tests="3" skipped="0" failures="0" errors="0" timestamp="2019-12-09T16:03:33" hostname="DESKTOP-II6MC7K" time="0.975">
  <properties/>
  <testcase name="deleteCardDetailsTestCase" classname="oneTestone.ProcessTestCase" time="0.958"/>
  <testcase name="addCardDetailsTestCase" classname="oneTestone.ProcessTestCase" time="0.005"/>
  <testcase name="accessCardDetailsTestCase" classname="oneTestone.ProcessTestCase" time="0.004"/>
  <system-out><![CDATA[Your Card Has Been Deleted
Enter Valid creditcard Number
Check your Entered Email Id.. You should Enter Correct Email ID
Check your Pin number ... Pin number Should contains 4 numbers only
Check Your Balance Balance limit is 1k and it should not be less than 0
Credit card Created...ThankYou
Enter Valid Card Number
Enter Valid Pin Number
0
ThankYou for using our Credit card
]]></system-out>
  <system-err><![CDATA[]]></system-err>
</testsuite>
